app/build 2/intermediates/manifest_merge_blame_file/debug/manifest-merger-blame-debug-report.txt
1<?xml version="1.0" encoding="utf-8"?>
2<manifest xmlns:android="http://schemas.android.com/apk/res/android"
3    package="com.example.medicomgmester"
4    android:versionCode="1"
5    android:versionName="1.0" >
6
7    <uses-sdk
8        android:minSdkVersion="21"
8-->src/main/AndroidManifest.xml
9        android:targetSdkVersion="30" />
9-->src/main/AndroidManifest.xml
10
11    <uses-permission android:name="android.permission.RECEIVE_BOOT_COMPLETED" />
11-->src/main/AndroidManifest.xml:6:5-81
11-->src/main/AndroidManifest.xml:6:22-78
12    <uses-permission android:name="android.permission.WAKE_LOCK" />
12-->src/main/AndroidManifest.xml:7:5-68
12-->src/main/AndroidManifest.xml:7:22-65
13    <uses-permission android:name="android.permission.WRITE_EXTERNAL_STORAGE" />
13-->src/main/AndroidManifest.xml:8:5-81
13-->src/main/AndroidManifest.xml:8:22-78
14    <uses-permission android:name="android.permission.READ_EXTERNAL_STORAGE" />
14-->src/main/AndroidManifest.xml:9:5-80
14-->src/main/AndroidManifest.xml:9:22-77
15    <uses-permission android:name="android.permission.INTERNET" />
15-->src/main/AndroidManifest.xml:10:5-67
15-->src/main/AndroidManifest.xml:10:22-64
16
17    <application
17-->src/main/AndroidManifest.xml:12:5-62:19
18        android:allowBackup="true"
18-->src/main/AndroidManifest.xml:13:9-35
19        android:appComponentFactory="androidx.core.app.CoreComponentFactory"
19-->[androidx.core:core:1.3.0] AndroidManifest.xml:24:18-86
20        android:debuggable="true"
21        android:fullBackupContent="true"
21-->src/main/AndroidManifest.xml:14:9-41
22        android:icon="@mipmap/ic_launcher"
22-->src/main/AndroidManifest.xml:15:9-43
23        android:label="@string/app_name"
23-->src/main/AndroidManifest.xml:16:9-41
24        android:restoreAnyVersion="true"
24-->src/main/AndroidManifest.xml:17:9-41
25        android:roundIcon="@mipmap/ic_launcher_round"
25-->src/main/AndroidManifest.xml:18:9-54
26        android:supportsRtl="true"
26-->src/main/AndroidManifest.xml:19:9-35
27        android:testOnly="true"
28        android:theme="@style/AppTheme" >
28-->src/main/AndroidManifest.xml:20:9-40
29
30        <!-- Menu activity -->
31        <activity android:name="com.example.medicomgmester.GalleryDetailActivity" >
31-->src/main/AndroidManifest.xml:24:9-26:20
31-->src/main/AndroidManifest.xml:24:19-56
32        </activity>
33        <!-- Menu activity -->
34        <activity
34-->src/main/AndroidManifest.xml:28:9-37:20
35            android:name="com.example.medicomgmester.MenuActivity"
35-->src/main/AndroidManifest.xml:29:13-41
36            android:label="@string/app_name"
36-->src/main/AndroidManifest.xml:30:13-45
37            android:theme="@style/AppTheme.NoActionBar" >
37-->src/main/AndroidManifest.xml:31:13-56
38            <intent-filter>
38-->src/main/AndroidManifest.xml:32:13-36:29
39                <action android:name="android.intent.action.MAIN" />
39-->src/main/AndroidManifest.xml:33:17-69
39-->src/main/AndroidManifest.xml:33:25-66
40
41                <category android:name="android.intent.category.LAUNCHER" />
41-->src/main/AndroidManifest.xml:35:17-77
41-->src/main/AndroidManifest.xml:35:27-74
42            </intent-filter>
43        </activity>
44        <!-- Main activity -->
45        <activity
45-->src/main/AndroidManifest.xml:39:9-50:20
46            android:name="com.example.medicomgmester.setup.MainActivity"
46-->src/main/AndroidManifest.xml:40:13-47
47            android:launchMode="singleTask"
47-->src/main/AndroidManifest.xml:41:13-44
48            android:screenOrientation="portrait"
48-->src/main/AndroidManifest.xml:42:13-49
49            android:theme="@style/AppTheme.NoActionBar"
49-->src/main/AndroidManifest.xml:43:13-56
50            android:windowSoftInputMode="adjustResize" >
50-->src/main/AndroidManifest.xml:44:13-55
51
52            <!-- enable the search widget to send searches to SearchableActivity -->
53            <meta-data
53-->src/main/AndroidManifest.xml:47:13-49:55
54                android:name="android.app.default_searchable"
54-->src/main/AndroidManifest.xml:48:17-62
55                android:value=".SearchableActivity" />
55-->src/main/AndroidManifest.xml:49:17-52
56        </activity>
57
58        <receiver android:name="com.example.medicomgmester.setup.AlarmReceiver" />
58-->src/main/AndroidManifest.xml:52:9-57
58-->src/main/AndroidManifest.xml:52:19-54
59        <receiver android:name="com.example.medicomgmester.setup.BootReceiver" >
59-->src/main/AndroidManifest.xml:53:9-57:20
59-->src/main/AndroidManifest.xml:53:19-53
60            <intent-filter>
60-->src/main/AndroidManifest.xml:54:13-56:29
61                <action android:name="android.intent.action.BOOT_COMPLETED" />
61-->src/main/AndroidManifest.xml:55:17-79
61-->src/main/AndroidManifest.xml:55:25-76
62            </intent-filter>
63        </receiver>
64
65        <service
65-->src/main/AndroidManifest.xml:59:9-61:72
66            android:name="com.example.medicomgmester.setup.BootNotificationService"
66-->src/main/AndroidManifest.xml:60:13-58
67            android:permission="android.permission.BIND_JOB_SERVICE" />
67-->src/main/AndroidManifest.xml:61:13-69
68    </application>
69
70</manifest>